\BOOKMARK [0][-]{chapter*.1}{Voorwoord}{}% 1
\BOOKMARK [0][-]{chapter*.2}{Samenvatting}{}% 2
\BOOKMARK [0][-]{chapter*.3}{Abstract}{}% 3
\BOOKMARK [0][-]{chapter*.4}{Inhoudsopgave}{}% 4
\BOOKMARK [0][-]{chapter*.4}{Inhoud}{}% 5
\BOOKMARK [0][-]{chapter*.5}{Lijst van figuren}{}% 6
\BOOKMARK [0][-]{chapter*.6}{Lijst van tabellen}{}% 7
\BOOKMARK [0][-]{chapter*.7}{Lijst met afkortingen}{}% 8
\BOOKMARK [0][-]{chapter.1}{Inleiding}{}% 9
\BOOKMARK [1][-]{section.1.1}{Situering van het onderzoek}{chapter.1}% 10
\BOOKMARK [1][-]{section.1.2}{Probleemstelling}{chapter.1}% 11
\BOOKMARK [1][-]{section.1.3}{Doelstelling}{chapter.1}% 12
\BOOKMARK [1][-]{section.1.4}{Onderzoeksvragen}{chapter.1}% 13
\BOOKMARK [1][-]{section.1.5}{Structuur van de tekst}{chapter.1}% 14
\BOOKMARK [1][-]{section.1.6}{Conclusie}{chapter.1}% 15
\BOOKMARK [0][-]{chapter.2}{Literatuurstudie}{}% 16
\BOOKMARK [1][-]{section.2.1}{Kristallografie}{chapter.2}% 17
\BOOKMARK [1][-]{section.2.2}{Het Crystallographic Information File \(CIF\) formaat}{chapter.2}% 18
\BOOKMARK [1][-]{section.2.3}{Kristalvisualisatiesoftware}{chapter.2}% 19
\BOOKMARK [1][-]{section.2.4}{CIF-Parsers}{chapter.2}% 20
\BOOKMARK [1][-]{section.2.5}{Blender en de Blender API}{chapter.2}% 21
\BOOKMARK [1][-]{section.2.6}{Conclusie}{chapter.2}% 22
\BOOKMARK [0][-]{chapter.3}{Algemeen ontwerpproces}{}% 23
\BOOKMARK [1][-]{section.3.1}{Omvormen van het invoersbestand}{chapter.3}% 24
\BOOKMARK [1][-]{section.3.2}{Van CIF naar py}{chapter.3}% 25
\BOOKMARK [1][-]{section.3.3}{Tekenen in Blender}{chapter.3}% 26
\BOOKMARK [1][-]{section.3.4}{Cre\353ren van een Blender add-on}{chapter.3}% 27
\BOOKMARK [1][-]{section.3.5}{Conclusie}{chapter.3}% 28
\BOOKMARK [0][-]{chapter.4}{Gedetailleerd ontwerpproces}{}% 29
\BOOKMARK [1][-]{section.4.1}{Installatie van externe programma's}{chapter.4}% 30
\BOOKMARK [1][-]{section.4.2}{Inlezen van het bestand}{chapter.4}% 31
\BOOKMARK [1][-]{section.4.3}{Tekenen in Blender}{chapter.4}% 32
\BOOKMARK [1][-]{section.4.4}{Ontwerpen van een Blender add-on}{chapter.4}% 33
\BOOKMARK [1][-]{section.4.5}{Conclusie}{chapter.4}% 34
\BOOKMARK [0][-]{chapter.5}{Testen en Resultaten}{}% 35
\BOOKMARK [1][-]{section.5.1}{Een kristal tekenen met de add-on}{chapter.5}% 36
\BOOKMARK [1][-]{section.5.2}{Resultaten}{chapter.5}% 37
\BOOKMARK [1][-]{section.5.3}{Vergelijking met VESTA}{chapter.5}% 38
\BOOKMARK [1][-]{section.5.4}{Valkuilen en problemen}{chapter.5}% 39
\BOOKMARK [1][-]{section.5.5}{Uitbreidingen}{chapter.5}% 40
\BOOKMARK [1][-]{section.5.6}{conclusie}{chapter.5}% 41
\BOOKMARK [0][-]{chapter.6}{Besluit}{}% 42
\BOOKMARK [0][-]{chapter*.39}{Bibliografie}{}% 43
